1647867102453	geckodriver	INFO	Listening on 127.0.0.1:52803
1647867105519	mozrunner::runner	INFO	Running command: "C:\\Program Files\\Mozilla Firefox\\firefox.exe" "--marionette" "--remote-debugging-port" "52804" "-no-remote" "-profile" "C:\\Users\\123\\AppData\\Local\\Temp\\rust_mozprofileZLWyi3"
1647867106072	Marionette	INFO	Marionette enabled
console.warn: SearchSettings: "get: No settings file exists, new profile?" (new NotFoundError("Could not open the file at C:\\Users\\123\\AppData\\Local\\Temp\\rust_mozprofileZLWyi3\\search.json.mozlz4", (void 0)))
DevTools listening on ws://localhost:52804/devtools/browser/32645211-9704-4f0f-a4a3-2aad98cc5ff3
1647867112383	Marionette	INFO	Listening on port 52812
1647867112467	RemoteAgent	WARN	TLS certificate errors will be ignored for this session
1647867163346	Marionette	INFO	Stopped listening on port 52812
console.warn: TopSitesFeed: Failed to fetch data from Contile server: NetworkError when attempting to fetch resource.
JavaScript error: chrome://remote/content/marionette/cert.js, line 55: NS_ERROR_NOT_AVAILABLE: Component returned failure code: 0x80040111 (NS_ERROR_NOT_AVAILABLE) [nsICertOverrideService.setDisableAllSecurityChecksAndLetAttackersInterceptMyData]

###!!! [Parent][PGPUParent] Error: RunMessage(msgname=PGPU::Msg_ShutdownVR) Channel closing: too late to send/recv, messages will be lost

1647867214596	geckodriver	INFO	Listening on 127.0.0.1:52918
1647867217631	mozrunner::runner	INFO	Running command: "C:\\Program Files\\Mozilla Firefox\\firefox.exe" "--marionette" "--remote-debugging-port" "52919" "-no-remote" "-profile" "C:\\Users\\123\\AppData\\Local\\Temp\\rust_mozprofilef7IrSw"
1647867218594	Marionette	INFO	Marionette enabled
console.warn: SearchSettings: "get: No settings file exists, new profile?" (new NotFoundError("Could not open the file at C:\\Users\\123\\AppData\\Local\\Temp\\rust_mozprofilef7IrSw\\search.json.mozlz4", (void 0)))
DevTools listening on ws://localhost:52919/devtools/browser/d588b641-f0f2-4ed2-83f1-7c3cead6c8e7
1647867224882	Marionette	INFO	Listening on port 52926
1647867225548	RemoteAgent	WARN	TLS certificate errors will be ignored for this session
1647867750056	Marionette	INFO	Stopped listening on port 52926
console.warn: TopSitesFeed: Failed to fetch data from Contile server: NetworkError when attempting to fetch resource.
remote-debugging-port" "52998" "-no-remote" "-profile" "C:\\Users\\123\\AppData\\Local\\Temp\\rust_mozprofileJmABqC"
1647867278449	Marionette	INFO	Marionette enabled
console.warn: SearchSettings: "get: No settings file exists, new profile?" (new NotFoundError("Could not open the file at C:\\Users\\123\\AppData\\Local\\Temp\\rust_mozprofileJmABqC\\search.json.mozlz4", (void 0)))
DevTools listening on ws://localhost:52998/devtools/browser/de8e0a89-f251-4332-9004-ebec6157d882
1647867285683	Marionette	INFO	Listening on port 53005
1647867285842	RemoteAgent	WARN	TLS certificate errors will be ignored for this session
console.error: Region.jsm: "Error fetching region" (new Error("TIMEOUT", "resource://gre/modules/Region.jsm", 772))
console.error: Region.jsm: "Failed to fetch region" (new Error("TIMEOUT", "resource://gre/modules/Region.jsm", 419))
1647867296126	Marionette	INFO	Stopped listening on port 53005
1647869204043	geckodriver	INFO	Listening on 127.0.0.1:62898
1647869207090	mozrunner::runner	INFO	Running command: "C:\\Program Files\\Mozilla Firefox\\firefox.exe" "--marionette" "--remote-debugging-port" "62899" "-no-remote" "-profile" "C:\\Users\\123\\AppData\\Local\\Temp\\rust_mozprofilezVjBxV"
1647869208311	Marionette	INFO	Marionette enabled
console.warn: SearchSettings: "get: No settings file exists, new profile?" (new NotFoundError("Could not open the file at C:\\Users\\123\\AppData\\Local\\Temp\\rust_mozprofilezVjBxV\\search.json.mozlz4", (void 0)))
DevTools listening on ws://localhost:62899/devtools/browser/4139d29b-fd8f-40ca-8cb3-199e74b6136e
1647869215833	Marionette	INFO	Listening on port 62905
1647869216798	RemoteAgent	WARN	TLS certificate errors will be ignored for this session
JavaScript warning: https://pagead2.googlesyndication.com/bg/Dtrk1l3d69CApoaJcCvKSIFK_q0S4za4Q5VfteMZCz0.js line 1 > eval line 7750 > eval line 1 > eval line 1 > eval, line 1: WEBGL_debug_renderer_info is deprecated in Firefox and will be removed. Please use RENDERER.
1647869240046	Marionette	WARN	TimedPromise timed out after 500 ms: stacktrace:
TimedPromise/<@chrome://remote/content/marionette/sync.js:235:19
TimedPromise@chrome://remote/content/marionette/sync.js:220:10
interaction.flushEventLoop@chrome://remote/content/marionette/interaction.js:431:10
webdriverClickElement@chrome://remote/content/marionette/interaction.js:179:31
1647869303562	Marionette	WARN	TimedPromise timed out after 500 ms: stacktrace:
TimedPromise/<@chrome://remote/content/marionette/sync.js:235:19
TimedPromise@chrome://remote/content/marionette/sync.js:220:10
interaction.flushEventLoop@chrome://remote/content/marionette/interaction.js:431:10
webdriverClickElement@chrome://remote/content/marionette/interaction.js:179:31
1647869322200	Marionette	WARN	TimedPromise timed out after 500 ms: stacktrace:
TimedPromise/<@chrome://remote/content/marionette/sync.js:235:19
TimedPromise@chrome://remote/content/marionette/sync.js:220:10
interaction.flushEventLoop@chrome://remote/content/marionette/interaction.js:431:10
webdriverClickElement@chrome://remote/content/marionette/interaction.js:179:31
1647869354750	Marionette	WARN	TimedPromise timed out after 500 ms: stacktrace:
TimedPromise/<@chrome://remote/content/marionette/sync.js:235:19
TimedPromise@chrome://remote/content/marionette/sync.js:220:10
interaction.flushEventLoop@chrome://remote/content/marionette/interaction.js:431:10
webdriverClickElement@chrome://remote/content/marionette/interaction.js:179:31
1647869440058	Marionette	INFO	Stopped listening on port 62905

###!!! [Parent][PContentParent] Error: Send(msgname=PContent::Reply_DiscardBrowsingContext) Closed channel: cannot send/recv


###!!! [Parent][PContentParent] Error: Send(msgname=PContent::Reply_DiscardBrowsingContext) Closed channel: cannot send/recv


###!!! [Parent][PContentParent] Error: Send(msgname=PContent::Reply_DiscardBrowsingContext) Closed channel: cannot send/recv


###!!! [Parent][PContentParent] Error: Send(msgname=PContent::Reply_DiscardBrowsingContext) Closed channel: cannot send/recv


###!!! [Parent][PContentParent] Error: Send(msgname=PContent::Reply_DiscardBrowsingContext) Closed channel: cannot send/recv


###!!! [Parent][PContentParent] Error: Send(msgname=PContent::Reply_DiscardBrowsingContext) Closed channel: cannot send/recv


###!!! [Parent][PContentParent] Error: Send(msgname=PContent::Reply_DiscardBrowsingContext) Closed channel: cannot send/recv


###!!! [Parent][PContentParent] Error: Send(msgname=PContent::Reply_DiscardBrowsingContext) Closed channel: cannot send/recv


###!!! [Parent][PContentParent] Error: Send(msgname=PContent::Reply_DiscardBrowsingContext) Closed channel: cannot send/recv


###!!! [Child][PContentChild] Error: RunMessage(msgname=PContent::Msg_DiscardBrowsingContext) Channel closing: too late to send/recv, messages will be lost


###!!! [Child][PContentChild] Error: RunMessage(msgname=PContent::Msg_DiscardBrowsingContext) Channel closing: too late to send/recv, messages will be lost


###!!! [Child][PContentChild] Error: RunMessage(msgname=PContent::Msg_DiscardBrowsingContext) Channel closing: too late to send/recv, messages will be lost


###!!! [Child][PContentChild] Error: RunMessage(msgname=PContent::Msg_DiscardBrowsingContext) Channel closing: too late to send/recv, messages will be lost


###!!! [Child][PContentChild] Error: RunMessage(msgname=PContent::Msg_DiscardBrowsingContext) Channel closing: too late to send/recv, messages will be lost


###!!! [Parent][PContentParent] Error: Send(msgname=PContent::Msg_DestroyBrowsingContextGroup) Closed channel: cannot send/recv


###!!! [Child][PContentChild] Error: RunMessage(msgname=PContent::Msg_DiscardBrowsingContext) Channel closing: too late to send/recv, messages will be lost


###!!! [Child][PContentChild] Error: RunMessage(msgname=PContent::Msg_DiscardBrowsingContext) Channel closing: too late to send/recv, messages will be lost


###!!! [Child][PContentChild] Error: RunMessage(msgname=PContent::Msg_DiscardBrowsingContext) Channel closing: too late to send/recv, messages will be lost


###!!! [Child][PContentChild] Error: RunMessage(msgname=PContent::Msg_DiscardBrowsingContext) Channel closing: too late to send/recv, messages will be lost


###!!! [Child][PContentChild] Error: RunMessage(msgname=PContent::Reply_DiscardBrowsingContext) Channel closing: too late to send/recv, messages will be lost


###!!! [Child][PContentChild] Error: RunMessage(msgname=PHttpChannel::Msg_DeleteSelf) Channel closing: too late to send/recv, messages will be lost


###!!! [Parent][PGPUParent] Error: RunMessage(msgname=PGPU::Msg_ShutdownVR) Channel closing: too late to send/recv, messages will be lost

1647869759684	geckodriver	INFO	Listening on 127.0.0.1:63256
1647869762693	mozrunner::runner	INFO	Running command: "C:\\Program Files\\Mozilla Firefox\\firefox.exe" "--marionette" "--remote-debugging-port" "63257" "-no-remote" "-profile" "C:\\Users\\123\\AppData\\Local\\Temp\\rust_mozprofile96Qwgs"
1647869763695	Marionette	INFO	Marionette enabled
console.warn: SearchSettings: "get: No settings file exists, new profile?" (new NotFoundError("Could not open the file at C:\\Users\\123\\AppData\\Local\\Temp\\rust_mozprofile96Qwgs\\search.json.mozlz4", (void 0)))
DevTools listening on ws://localhost:63257/devtools/browser/0a8de285-986d-489e-838a-3487a92aab29
1647869769363	Marionette	INFO	Listening on port 63262
1647869769653	RemoteAgent	WARN	TLS certificate errors will be ignored for this session
console.error: Region.jsm: "Error fetching region" (new Error("TIMEOUT", "resource://gre/modules/Region.jsm", 772))
console.error: Region.jsm: "Failed to fetch region" (new Error("TIMEOUT", "resource://gre/modules/Region.jsm", 419))
JavaScript warning: https://pagead2.googlesyndication.com/bg/Dtrk1l3d69CApoaJcCvKSIFK_q0S4za4Q5VfteMZCz0.js line 1 > eval line 1700 > eval line 1 > eval line 1 > eval, line 1: WEBGL_debug_renderer_info is deprecated in Firefox and will be removed. Please use RENDERER.
1647869969410	Marionette	INFO	Stopped listening on port 63262

###!!! [Parent][PContentParent] Error: Send(msgname=PContent::Reply_DiscardBrowsingContext) Closed channel: cannot send/recv


###!!! [Parent][PContentParent] Error: Send(msgname=PContent::Reply_DiscardBrowsingContext) Closed channel: cannot send/recv


###!!! [Parent][PContentParent] Error: Send(msgname=PContent::Reply_DiscardBrowsingContext) Closed channel: cannot send/recv


###!!! [Parent][PContentParent] Error: Send(msgname=PContent::Reply_DiscardBrowsingContext) Closed channel: cannot send/recv


###!!! [Parent][PContentParent] Error: Send(msgname=PContent::Reply_DiscardBrowsingContext) Closed channel: cannot send/recv


###!!! [Parent][PContentParent] Error: Send(msgname=PContent::Reply_DiscardBrowsingContext) Closed channel: cannot send/recv


###!!! [Parent][PContentParent] Error: Send(msgname=PContent::Reply_DiscardBrowsingContext) Closed channel: cannot send/recv


###!!! [Parent][PContentParent] Error: Send(msgname=PContent::Reply_DiscardBrowsingContext) Closed channel: cannot send/recv


###!!! [Parent][PContentParent] Error: Send(msgname=PContent::Reply_DiscardBrowsingContext) Closed channel: cannot send/recv


###!!! [Parent][PContentParent] Error: Send(msgname=PContent::Msg_DestroyBrowsingContextGroup) Closed channel: cannot send/recv


###!!! [Child][PContentChild] Error: RunMessage(msgname=PHttpChannel::Msg_FailedAsyncOpen) Channel closing: too late to send/recv, messages will be lost


###!!! [Child][PContentChild] Error: RunMessage(msgname=PContent::Msg_DiscardBrowsingContext) Channel closing: too late to send/recv, messages will be lost


###!!! [Child][PContentChild] Error: RunMessage(msgname=PContent::Msg_DiscardBrowsingContext) Channel closing: too late to send/recv, messages will be lost


###!!! [Child][PContentChild] Error: RunMessage(msgname=PContent::Msg_DiscardBrowsingContext) Channel closing: too late to send/recv, messages will be lost


###!!! [Child][PContentChild] Error: RunMessage(msgname=PContent::Msg_DiscardBrowsingContext) Channel closing: too late to send/recv, messages will be lost


###!!! [Child][PContentChild] Error: RunMessage(msgname=PContent::Msg_DiscardBrowsingContext) Channel closing: too late to send/recv, messages will be lost


###!!! [Child][PContentChild] Error: RunMessage(msgname=PContent::Msg_DiscardBrowsingContext) Channel closing: too late to send/recv, messages will be lost


###!!! [Child][PContentChild] Error: RunMessage(msgname=PContent::Msg_DiscardBrowsingContext) Channel closing: too late to send/recv, messages will be lost


###!!! [Child][PContentChild] Error: RunMessage(msgname=PContent::Msg_DiscardBrowsingContext) Channel closing: too late to send/recv, messages will be lost


###!!! [Child][PContentChild] Error: RunMessage(msgname=PContent::Msg_DiscardBrowsingContext) Channel closing: too late to send/recv, messages will be lost


###!!! [Child][PContentChild] Error: RunMessage(msgname=PContent::Reply_DiscardBrowsingContext) Channel closing: too late to send/recv, messages will be lost


###!!! [Child][PContentChild] Error: RunMessage(msgname=PHttpChannel::Msg_DeleteSelf) Channel closing: too late to send/recv, messages will be lost

1647869988814	geckodriver	INFO	Listening on 127.0.0.1:63480
1647869991869	mozrunner::runner	INFO	Running command: "C:\\Program Files\\Mozilla Firefox\\firefox.exe" "--marionette" "--remote-debugging-port" "63481" "-no-remote" "-profile" "C:\\Users\\123\\AppData\\Local\\Temp\\rust_mozprofile5lRBu8"
1647869992625	Marionette	INFO	Marionette enabled
console.warn: SearchSettings: "get: No settings file exists, new profile?" (new NotFoundError("Could not open the file at C:\\Users\\123\\AppData\\Local\\Temp\\rust_mozprofile5lRBu8\\search.json.mozlz4", (void 0)))
DevTools listening on ws://localhost:63481/devtools/browser/10cad543-32e0-426b-b7d1-59e6ed40c1db
1647869998291	Marionette	INFO	Listening on port 63486
1647869998940	RemoteAgent	WARN	TLS certificate errors will be ignored for this session
1647870049416	Marionette	INFO	Stopped listening on port 63486
console.warn: TopSitesFeed: Failed to fetch data from Contile server: NetworkError when attempting to fetch resource.

###!!! [Parent][PGPUParent] Error: RunMessage(msgname=PGPU::Msg_ShutdownVR) Channel closing: too late to send/recv, messages will be lost

NFO	Marionette enabled
console.warn: SearchSettings: "get: No settings file exists, new profile?" (new NotFoundError("Could not open the file at C:\\Users\\123\\AppData\\Local\\Temp\\rust_mozprofileauxr2A\\search.json.mozlz4", (void 0)))
DevTools listening on ws://localhost:63560/devtools/browser/0420d16b-ef58-4395-8626-16346bb29c3e
1647870014200	Marionette	INFO	Listening on port 63567
1647870014622	RemoteAgent	WARN	TLS certificate errors will be ignored for this session
console.error: Region.jsm: "Error fetching region" (new Error("TIMEOUT", "resource://gre/modules/Region.jsm", 772))
console.error: Region.jsm: "Failed to fetch region" (new Error("TIMEOUT", "resource://gre/modules/Region.jsm", 419))
JavaScript error: https://ajax.googleapis.com/ajax/libs/jqueryui/1.9.2/jquery-ui.min.js, line 5: ReferenceError: jQuery is not defined
JavaScript error: https://www.flightradar24.com/static/js/bootstrap.min.js, line 1: ReferenceError: jQuery is not defined
JavaScript error: https://www.flightradar24.com/static/js/jquery.ui.selectmenu.js, line 1: ReferenceError: jQuery is not defined
JavaScript error: https://www.flightradar24.com/data/airports/atl/departures, line 49: ReferenceError: $ is not defined
JavaScript error: https://www.flightradar24.com/data/airports/atl/departures, line 87: ReferenceError: $ is not defined
JavaScript error: https://www.flightradar24.com/static/bundle/main.5bb464c0518c271b55e0.bundle.js line 2 > eval, line 517: TypeError: jQuery is not a function
1647870155212	Marionette	INFO	Stopped listening on port 63567

###!!! [Parent][PContentParent] Error: Send(msgname=PContent::Reply_DiscardBrowsingContext) Closed channel: cannot send/recv


###!!! [Parent][PContentParent] Error: Send(msgname=PContent::Reply_DiscardBrowsingContext) Closed channel: cannot send/recv


###!!! [Parent][PContentParent] Error: Send(msgname=PContent::Reply_DiscardBrowsingContext) Closed channel: cannot send/recv


###!!! [Parent][PContentParent] Error: Send(msgname=PContent::Reply_DiscardBrowsingContext) Closed channel: cannot send/recv


###!!! [Parent][PContentParent] Error: Send(msgname=PContent::Reply_DiscardBrowsingContext) Closed channel: cannot send/recv


###!!! [Parent][PContentParent] Error: Send(msgname=PContent::Msg_DestroyBrowsingContextGroup) Closed channel: cannot send/recv


###!!! [Parent][PGPUParent] Error: RunMessage(msgname=PGPU::Msg_ShutdownVR) Channel closing: too late to send/recv, messages will be lost

1647870318724	geckodriver	INFO	Listening on 127.0.0.1:63867
1647870321771	mozrunner::runner	INFO	Running command: "C:\\Program Files\\Mozilla Firefox\\firefox.exe" "--marionette" "--remote-debugging-port" "63868" "-no-remote" "-profile" "C:\\Users\\123\\AppData\\Local\\Temp\\rust_mozprofileEJvt2v"
1647870322439	Marionette	INFO	Marionette enabled
console.warn: SearchSettings: "get: No settings file exists, new profile?" (new NotFoundError("Could not open the file at C:\\Users\\123\\AppData\\Local\\Temp\\rust_mozprofileEJvt2v\\search.json.mozlz4", (void 0)))
DevTools listening on ws://localhost:63868/devtools/browser/0268a0d8-b61e-49f7-a03f-bd4d2dfc7787
1647870328932	Marionette	INFO	Listening on port 63873
1647870329593	RemoteAgent	WARN	TLS certificate errors will be ignored for this session
1647870329705	Marionette	INFO	Stopped listening on port 63873
console.warn: services.settings: main/query-stripping sync interrupted by shutdown
console.warn: TopSitesFeed: Failed to fetch data from Contile server: NetworkError when attempting to fetch resource.
!!! error running onStopped callback: TypeError: callback is not a function
console.error: "Could not load engine google@search.mozilla.org: [Exception... \"AddonManager is not initialized\"  nsresult: \"0xc1f30001 (NS_ERROR_NOT_INITIALIZED)\"  location: \"JS frame :: resource://gre/modules/AddonManager.jsm :: installBuiltinAddon :: line 2543\"  data: no]"
console.error: "Could not load engine wikipedia@search.mozilla.org: [Exception... \"AddonManager is not initialized\"  nsresult: \"0xc1f30001 (NS_ERROR_NOT_INITIALIZED)\"  location: \"JS frame :: resource://gre/modules/AddonManager.jsm :: installBuiltinAddon :: line 2543\"  data: no]"
console.error: "Could not load engine yandex@search.mozilla.org: [Exception... \"AddonManager is not initialized\"  nsresult: \"0xc1f30001 (NS_ERROR_NOT_INITIALIZED)\"  location: \"JS frame :: resource://gre/modules/AddonManager.jsm :: installBuiltinAddon :: line 2543\"  data: no]"
console.error: "Could not load engine ddg@search.mozilla.org: [Exception... \"AddonManager is not initialized\"  nsresult: \"0xc1f30001 (NS_ERROR_NOT_INITIALIZED)\"  location: \"JS frame :: resource://gre/modules/AddonManager.jsm :: installBuiltinAddon :: line 2543\"  data: no]"
console.error: "Could not load engine priceru@search.mozilla.org: [Exception... \"AddonManager is not initialized\"  nsresult: \"0xc1f30001 (NS_ERROR_NOT_INITIALIZED)\"  location: \"JS frame :: resource://gre/modules/AddonManager.jsm :: installBuiltinAddon :: line 2543\"  data: no]"
console.error: "Could not load engine mailru@search.mozilla.org: [Exception... \"AddonManager is not initialized\"  nsresult: \"0xc1f30001 (NS_ERROR_NOT_INITIALIZED)\"  location: \"JS frame :: resource://gre/modules/AddonManager.jsm :: installBuiltinAddon :: line 2543\"  data: no]"
console.error: "Could not load engine ozonru@search.mozilla.org: [Exception... \"AddonManager is not initialized\"  nsresult: \"0xc1f30001 (NS_ERROR_NOT_INITIALIZED)\"  location: \"JS frame :: resource://gre/modules/AddonManager.jsm :: installBuiltinAddon :: line 2543\"  data: no]"
console.warn: SearchService: "_init: abandoning init due to shutting down"
JavaScript error: resource://gre/modules/AsyncShutdown.jsm, line 575: uncaught exception: 2147500036
JavaScript error: resource://gre/modules/AsyncShutdown.jsm, line 575: uncaught exception: 2147500036
JavaScript error: resource://gre/modules/AsyncShutdown.jsm, line 575: uncaught exception: 2147500036
JavaScript error: resource://gre/modules/AsyncShutdown.jsm, line 575: uncaught exception: 2147500036
JavaScript error: resource://gre/modules/AsyncShutdown.jsm, line 575: uncaught exception: 2147500036
JavaScript error: resource://gre/modules/AsyncShutdown.jsm, line 575: uncaught exception: 2147500036
JavaScript error: resource://gre/modules/CrashManager.jsm, line 895: AbortError: IOUtils: Shutting down and refusing additional I/O tasks
1647870402016	geckodriver	INFO	Listening on 127.0.0.1:63934
1647870405093	mozrunner::runner	INFO	Running command: "C:\\Program Files\\Mozilla Firefox\\firefox.exe" "--marionette" "--remote-debugging-port" "63935" "-no-remote" "-profile" "C:\\Users\\123\\AppData\\Local\\Temp\\rust_mozprofileCBZ04v"
1647870405732	Marionette	INFO	Marionette enabled
console.warn: SearchSettings: "get: No settings file exists, new profile?" (new NotFoundError("Could not open the file at C:\\Users\\123\\AppData\\Local\\Temp\\rust_mozprofileCBZ04v\\search.json.mozlz4", (void 0)))
DevTools listening on ws://localhost:63935/devtools/browser/3ea5c380-d54f-4e01-a431-2e5ebfa8510a
1647870412384	Marionette	INFO	Listening on port 63943
1647870412566	RemoteAgent	WARN	TLS certificate errors will be ignored for this session
1647870412761	Marionette	INFO	Stopped listening on port 63943
console.log: "RemoteSettingsWorker error: Error: Can't import when we've started shutting down."
console.log: "RemoteSettingsWorker error: Error: Can't import when we've started shutting down."
console.log: "RemoteSettingsWorker error: Error: Can't import when we've started shutting down."
console.log: "RemoteSettingsWorker error: Error: Can't import when we've started shutting down."
console.error: "Could not load engine google@search.mozilla.org: [Exception... \"AddonManager is not initialized\"  nsresult: \"0xc1f30001 (NS_ERROR_NOT_INITIALIZED)\"  location: \"JS frame :: resource://gre/modules/AddonManager.jsm :: installBuiltinAddon :: line 2543\"  data: no]"
console.error: "Could not load engine wikipedia@search.mozilla.org: [Exception... \"AddonManager is not initialized\"  nsresult: \"0xc1f30001 (NS_ERROR_NOT_INITIALIZED)\"  location: \"JS frame :: resource://gre/modules/AddonManager.jsm :: installBuiltinAddon :: line 2543\"  data: no]"
console.log: "RemoteSettingsWorker error: Error: Can't import when we've started shutting down."
console.error: "Could not load engine yandex@search.mozilla.org: [Exception... \"AddonManager is not initialized\"  nsresult: \"0xc1f30001 (NS_ERROR_NOT_INITIALIZED)\"  location: \"JS frame :: resource://gre/modules/AddonManager.jsm :: installBuiltinAddon :: line 2543\"  data: no]"
console.error: "Could not load engine ddg@search.mozilla.org: [Exception... \"AddonManager is not initialized\"  nsresult: \"0xc1f30001 (NS_ERROR_NOT_INITIALIZED)\"  location: \"JS frame :: resource://gre/modules/AddonManager.jsm :: installBuiltinAddon :: line 2543\"  data: no]"
console.error: "Could not load engine priceru@search.mozilla.org: [Exception... \"AddonManager is not initialized\"  nsresult: \"0xc1f30001 (NS_ERROR_NOT_INITIALIZED)\"  location: \"JS frame :: resource://gre/modules/AddonManager.jsm :: installBuiltinAddon :: line 2543\"  data: no]"
console.error: "Could not load engine mailru@search.mozilla.org: [Exception... \"AddonManager is not initialized\"  nsresult: \"0xc1f30001 (NS_ERROR_NOT_INITIALIZED)\"  location: \"JS frame :: resource://gre/modules/AddonManager.jsm :: installBuiltinAddon :: line 2543\"  data: no]"
console.error: "Could not load engine ozonru@search.mozilla.org: [Exception... \"AddonManager is not initialized\"  nsresult: \"0xc1f30001 (NS_ERROR_NOT_INITIALIZED)\"  location: \"JS frame :: resource://gre/modules/AddonManager.jsm :: installBuiltinAddon :: line 2543\"  data: no]"
console.warn: SearchService: "_init: abandoning init due to shutting down"
JavaScript error: resource://gre/modules/AsyncShutdown.jsm, line 575: uncaught exception: 2147500036
JavaScript error: resource://gre/modules/AsyncShutdown.jsm, line 575: uncaught exception: 2147500036
JavaScript error: resource://gre/modules/AsyncShutdown.jsm, line 575: uncaught exception: 2147500036
JavaScript error: resource://gre/modules/AsyncShutdown.jsm, line 575: uncaught exception: 2147500036
JavaScript error: resource://gre/modules/AsyncShutdown.jsm, line 575: uncaught exception: 2147500036
JavaScript error: , line 0: uncaught exception: 2147500036
JavaScript error: , line 0: uncaught exception: 2147500036
JavaScript error: resource://gre/modules/AsyncShutdown.jsm, line 718: Error: Phase "profile-before-change" is finished, it is too late to register completion condition "DoHController: clear state and remove observers"
JavaScript error: resource://gre/modules/CrashManager.jsm, l1647870463710	mozrunner::runner	INFO	Running command: "C:\\Program Files\\MozilRunWatchdog: Mainthread nested event loops during hang: 
 --- (no nested event loop active)
le" "C:\\Users\\123\\AppData\\Local\\Temp\\rust_mozprofilezn7wCc"
1647870464508	Marionette	INFO	Marionette enabled
console.warn: SearchSettings: "get: No settings file exists, new profile?" (new NotFoundError("Could not open the file at C:\\Users\\123\\AppData\\Local\\Temp\\rust_mozprofilezn7wCc\\search.json.mozlz4", (void 0)))
DevTools listening on ws://localhost:63982/devtools/browser/374293d9-d22f-4187-9baf-5dbb71259417
1647870470800	Marionette	INFO	Listening on port 63987
1647870471231	RemoteAgent	WARN	TLS certificate errors will be ignored for this session
1647870471382	Marionette	INFO	Stopped listening on port 63987
console.log: "RemoteSettingsWorker error: Error: Can't import when we've started shutting down."
console.log: "RemoteSettingsWorker error: Error: Can't import when we've started shutting down."
console.log: "RemoteSettingsWorker error: Error: Can't import when we've started shutting down."
console.log: "RemoteSettingsWorker error: Error: Can't import when we've started shutting down."
console.error: "Could not load engine google@search.mozilla.org: [Exception... \"AddonManager is not initialized\"  nsresult: \"0xc1f30001 (NS_ERROR_NOT_INITIALIZED)\"  location: \"JS frame :: resource://gre/modules/AddonManager.jsm :: installBuiltinAddon :: line 2543\"  data: no]"
console.error: "Could not load engine wikipedia@search.mozilla.org: [Exception... \"AddonManager is not initialized\"  nsresult: \"0xc1f30001 (NS_ERROR_NOT_INITIALIZED)\"  location: \"JS frame :: resource://gre/modules/AddonManager.jsm :: installBuiltinAddon :: line 2543\"  data: no]"
console.error: "Could not load engine yandex@search.mozilla.org: [Exception... \"AddonManager is not initialized\"  nsresult: \"0xc1f30001 (NS_ERROR_NOT_INITIALIZED)\"  location: \"JS frame :: resource://gre/modules/AddonManager.jsm :: installBuiltinAddon :: line 2543\"  data: no]"
console.error: "Could not load engine ddg@search.mozilla.org: [Exception... \"AddonManager is not initialized\"  nsresult: \"0xc1f30001 (NS_ERROR_NOT_INITIALIZED)\"  location: \"JS frame :: resource://gre/modules/AddonManager.jsm :: installBuiltinAddon :: line 2543\"  data: no]"
console.error: "Could not load engine priceru@search.mozilla.org: [Exception... \"AddonManager is not initialized\"  nsresult: \"0xc1f30001 (NS_ERROR_NOT_INITIALIZED)\"  location: \"JS frame :: resource://gre/modules/AddonManager.jsm :: installBuiltinAddon :: line 2543\"  data: no]"
console.error: "Could not load engine mailru@search.mozilla.org: [Exception... \"AddonManager is not initialized\"  nsresult: \"0xc1f30001 (NS_ERROR_NOT_INITIALIZED)\"  location: \"JS frame :: resource://gre/modules/AddonManager.jsm :: installBuiltinAddon :: line 2543\"  data: no]"
console.error: "Could not load engine ozonru@search.mozilla.org: [Exception... \"AddonManager is not initialized\"  nsresult: \"0xc1f30001 (NS_ERROR_NOT_INITIALIZED)\"  location: \"JS frame :: resource://gre/modules/AddonManager.jsm :: installBuiltinAddon :: line 2543\"  data: no]"
console.warn: SearchService: "_init: abandoning init due to shutting down"
console.log: "RemoteSettingsWorker error: Error: Can't import when we've started shutting down."
JavaScript error: resource://gre/modules/AsyncShutdown.jsm, line 575: uncaught exception: 2147500036
JavaScript error: resource://gre/modules/AsyncShutdown.jsm, line 575: uncaught exception: 2147500036
JavaScript error: resource://gre/modules/AsyncShutdown.jsm, line 575: uncaught exception: 2147500036
JavaScript error: resource://gre/modules/AsyncShutdown.jsm, line 575: uncaught exception: 2147500036
JavaScript error: resource://gre/modules/AsyncShutdown.jsm, line 575: uncaught exception: 2147500036
JavaScript error: , line 0: uncaught exception: 2147500036
JavaScript error: resource://gre/modules/AsyncShutdown.jsm, line 718: Error: Phase "profile-before-change" is finished, it is too late to register completion condition "DoHController: clear state and remove observers"
JavaScript error: resource://gre/modules/CrashManager.jsm, line 895: AbortError: IOUtils: Shutting down and refusing additional I/O tasks
RunWatchdog: Mainthread nested event loops during hang: 
 --- (no nested event loop active)
FO	Running command: "C:\\Program Files\\Mozilla Firefox\\firefox.exe" "--marionette" "--remote-debugging-port" "64024" "-no-remote" "-profile" "C:\\Users\\123\\AppData\\Local\\Temp\\rust_mozprofilejfUw17"
1647870542078	Marionette	INFO	Marionette enabled
console.warn: SearchSettings: "get: No settings file exists, new profile?" (new NotFoundError("Could not open the file at C:\\Users\\123\\AppData\\Local\\Temp\\rust_mozprofilejfUw17\\search.json.mozlz4", (void 0)))
DevTools listening on ws://localhost:64024/devtools/browser/52472bbb-c129-44b2-97a7-ba55879d9517
1647870549772	Marionette	INFO	Listening on port 64029
1647870550528	RemoteAgent	WARN	TLS certificate errors will be ignored for this session
JavaScript warning: https://pagead2.googlesyndication.com/bg/Dtrk1l3d69CApoaJcCvKSIFK_q0S4za4Q5VfteMZCz0.js line 1 > eval line 641 > eval line 1 > eval line 1 > eval, line 1: WEBGL_debug_renderer_info is deprecated in Firefox and will be removed. Please use RENDERER.
1647870659664	Marionette	WARN	TimedPromise timed out after 500 ms: stacktrace:
TimedPromise/<@chrome://remote/content/marionette/sync.js:235:19
TimedPromise@chrome://remote/content/marionette/sync.js:220:10
interaction.flushEventLoop@chrome://remote/content/marionette/interaction.js:431:10
webdriverClickElement@chrome://remote/content/marionette/interaction.js:179:31
1647870672128	Marionette	WARN	TimedPromise timed out after 500 ms: stacktrace:
TimedPromise/<@chrome://remote/content/marionette/sync.js:235:19
TimedPromise@chrome://remote/content/marionette/sync.js:220:10
interaction.flushEventLoop@chrome://remote/content/marionette/interaction.js:431:10
webdriverClickElement@chrome://remote/content/marionette/interaction.js:179:31
1647870678443	Marionette	WARN	TimedPromise timed out after 500 ms: stacktrace:
TimedPromise/<@chrome://remote/content/marionette/sync.js:235:19
TimedPromise@chrome://remote/content/marionette/sync.js:220:10
interaction.flushEventLoop@chrome://remote/content/marionette/interaction.js:431:10
webdriverClickElement@chrome://remote/content/marionette/interaction.js:179:31
1647870687709	Marionette	WARN	TimedPromise timed out after 500 ms: stacktrace:
TimedPromise/<@chrome://remote/content/marionette/sync.js:235:19
TimedPromise@chrome://remote/content/marionette/sync.js:220:10
interaction.flushEventLoop@chrome://remote/content/marionette/interaction.js:431:10
webdriverClickElement@chrome://remote/content/marionette/interaction.js:179:31
1647870750288	Marionette	INFO	Stopped listening on port 64029

###!!! [Parent][PContentParent] Error: Send(msgname=PContent::Reply_DiscardBrowsingContext) Closed channel: cannot send/recv


###!!! [Parent][PContentParent] Error: Send(msgname=PContent::Reply_DiscardBrowsingContext) Closed channel: cannot send/recv


###!!! [Parent][PContentParent] Error: Send(msgname=PContent::Reply_DiscardBrowsingContext) Closed channel: cannot send/recv


###!!! [Parent][PContentParent] Error: Send(msgname=PContent::Reply_DiscardBrowsingContext) Closed channel: cannot send/recv


###!!! [Parent][PContentParent] Error: Send(msgname=PContent::Reply_DiscardBrowsingContext) Closed channel: cannot send/recv


###!!! [Parent][PContentParent] Error: Send(msgname=PContent::Reply_DiscardBrowsingContext) Closed channel: cannot send/recv


###!!! [Parent][PContentParent] Error: Send(msgname=PContent::Reply_DiscardBrowsingContext) Closed channel: cannot send/recv


###!!! [Parent][PContentParent] Error: Send(msgname=PContent::Reply_DiscardBrowsingContext) Closed channel: cannot send/recv


###!!! [Child][PContentChild] Error: RunMessage(msgname=PHttpChannel::Msg_FailedAsyncOpen) Channel closing: too late to send/recv, messages will be lost


###!!! [Parent][PContentParent] Error: Send(msgname=PContent::Reply_DiscardBrowsingContext) Closed channel: cannot send/recv


###!!! [Child][PContentChild] Error: RunMessage(msgname=PHttpChannel::Msg_FailedAsyncOpen) Channel closing: too late to send/recv, messages will be lost


###!!! [Parent][PContentParent] Error: Send(msgname=PContent::Msg_DestroyBrowsingContextGroup) Closed channel: cannot send/recv


###!!! [Child][PContentChild] Error: RunMessage(msgname=PContent::Msg_DiscardBrowsingContext) Channel closing: too late to send/recv, messages will be lost


###!!! [Child][PContentChild] Error: RunMessage(msgname=PContent::Msg_DiscardBrowsingContext) Channel closing: too late to send/recv, messages will be lost


###!!! [Child][PContentChild] Error: RunMessage(msgname=PContent::Msg_DiscardBrowsingContext) Channel closing: too late to send/recv, messages will be lost


###!!! [Child][PContentChild] Error: RunMessage(msgname=PContent::Msg_DiscardBrowsingContext) Channel closing: too late to send/recv, messages will be lost


###!!! [Child][PContentChild] Error: RunMessage(msgname=PContent::Msg_DiscardBrowsingContext) Channel closing: too late to send/recv, messages will be lost


###!!! [Child][PContentChild] Error: RunMessage(msgname=PContent::Msg_DiscardBrowsingContext) Channel closing: too late to send/recv, messages will be lost


###!!! [Child][PContentChild] Error: RunMessage(msgname=PContent::Msg_DiscardBrowsingContext) Channel closing: too late to send/recv, messages will be lost


###!!! [Child][PContentChild] Error: RunMessage(msgname=PContent::Msg_DiscardBrowsingContext) Channel closing: too late to send/recv, messages will be lost


###!!! [Child][PContentChild] Error: RunMessage(msgname=PContent::Msg_DiscardBrowsingContext) Channel closing: too late to send/recv, messages will be lost


###!!! [Child][PContentChild] Error: RunMessage(msgname=PContent::Reply_DiscardBrowsingContext) Channel closing: too late to send/recv, messages will be lost

1647870850175	geckodriver	INFO	Listening on 127.0.0.1:64201
1647870853194	mozrunner::runner	INFO	Running command: "C:\\Program Files\\Mozilla Firefox\\firefox.exe" "--marionette" "--remote-debugging-port" "64202" "-no-remote" "-profile" "C:\\Users\\123\\AppData\\Local\\Temp\\rust_mozprofilegVpGm1"
1647870854497	Marionette	INFO	Marionette enabled
console.warn: SearchSettings: "get: No settings file exists, new profile?" (new NotFoundError("Could not open the file at C:\\Users\\123\\AppData\\Local\\Temp\\rust_mozprofilegVpGm1\\search.json.mozlz4", (void 0)))
DevTools listening on ws://localhost:64202/devtools/browser/b15052cf-8de1-4a13-8464-45acb4234e0f
1647870860813	Marionette	INFO	Listening on port 64208
1647870861353	RemoteAgent	WARN	TLS certificate errors will be ignored for this session
1647870870633	Marionette	INFO	Stopped listening on port 64208
1647870900665	geckodriver	INFO	Listening on 127.0.0.1:64244
1647870903706	mozrunner::runner	INFO	Running command: "C:\\Program Files\\Mozilla Firefox\\firefox.exe" "--marionette" "--remote-debugging-port" "64245" "-no-remote" "-profile" "C:\\Users\\123\\AppData\\Local\\Temp\\rust_mozprofileFfb5Ub"
1647870904961	Marionette	INFO	Marionette enabled
console.warn: SearchSettings: "get: No settings file exists, new profile?" (new NotFoundError("Could not open the file at C:\\Users\\123\\AppData\\Local\\Temp\\rust_mozprofileFfb5Ub\\search.json.mozlz4", (void 0)))
DevTools listening on ws://localhost:64245/devtools/browser/90225c87-7f8e-479c-a9f4-f5310b6bde72
1647870911972	Marionette	INFO	Listening on port 64250
1647870912535	RemoteAgent	WARN	TLS certificate errors will be ignored for this session
1647870922292	Marionette	INFO	Stopped listening on port 64250
1647871040686	geckodriver	INFO	Listening on 127.0.0.1:64303
1647871043772	mozrunner::runner	INFO	Running command: "C:\\Program Files\\Mozilla Firefox\\firefox.exe" "--marionette" "--remote-debugging-port" "64304" "-no-remote" "-profile" "C:\\Users\\123\\AppData\\Local\\Temp\\rust_mozprofileBWGf5B"
1647871044856	Marionette	INFO	Marionette enabled
console.warn: SearchSettings: "get: No settings file exists, new profile?" (new NotFoundError("Could not open the file at C:\\Users\\123\\AppData\\Local\\Temp\\rust_mozprofileBWGf5B\\search.json.mozlz4", (void 0)))
DevTools listening on ws://localhost:64304/devtools/browser/4f89d805-0718-41a9-8340-042415e495a0
1647871052901	Marionette	INFO	Listening on port 64311
1647871053362	RemoteAgent	WARN	TLS certificate errors will be ignored for this session
1647871070752	Marionette	INFO	Stopped listening on port 64311
JavaScript error: resource://gre/modules/UrlClassifierListManager.jsm, line 691: TypeError: this.tablesData[table] is undefined
1647871113267	geckodriver	INFO	Listening on 127.0.0.1:64366
1647871116309	mozrunner::runner	INFO	Running command: "C:\\Program Files\\Mozilla Firefox\\firefox.exe" "--marionette" "--remote-debugging-port" "64367" "-no-remote" "-profile" "C:\\Users\\123\\AppData\\Local\\Temp\\rust_mozprofileTLbGDm"
1647871116983	Marionette	INFO	Marionette enabled
console.warn: SearchSettings: "get: No settings file exists, new profile?" (new NotFoundError("Could not open the file at C:\\Users\\123\\AppData\\Local\\Temp\\rust_mozprofileTLbGDm\\search.json.mozlz4", (void 0)))
DevTools listening on ws://localhost:64367/devtools/browser/b04f6ba9-cb59-45f6-84b6-0914f0a3127b
1647871123536	Marionette	INFO	Listening on port 64372
1647871123975	RemoteAgent	WARN	TLS certificate errors will be ignored for this session
console.warn: TopSitesFeed: Contile endpoint returned unexpected status: 403
1647871137868	Marionette	INFO	Stopped listening on port 64372
JavaScript error: resource://gre/modules/UrlClassifierListManager.jsm, line 691: TypeError: this.tablesData[table] is undefined
1647871155455	geckodriver	INFO	Listening on 127.0.0.1:64420
1647871158494	mozrunner::runner	INFO	Running command: "C:\\Program Files\\Mozilla Firefox\\firefox.exe" "--marionette" "--remote-debugging-port" "64421" "-no-remote" "-profile" "C:\\Users\\123\\AppData\\Local\\Temp\\rust_mozprofile6KYYvr"
1647871159292	Marionette	INFO	Marionette enabled
console.warn: SearchSettings: "get: No settings file exists, new profile?" (new NotFoundError("Could not open the file at C:\\Users\\123\\AppData\\Local\\Temp\\rust_mozprofile6KYYvr\\search.json.mozlz4", (void 0)))
DevTools listening on ws://localhost:64421/devtools/browser/1e9dae00-0249-43f7-8d8b-77000a7863ba
1647871165119	Marionette	INFO	Listening on port 64426
1647871165818	RemoteAgent	WARN	TLS certificate errors will be ignored for this session
1647871178437	Marionette	INFO	Stopped listening on port 64426
1647871428216	geckodriver	INFO	Listening on 127.0.0.1:58335
1647871431301	mozrunner::runner	INFO	Running command: "C:\\Program Files\\Mozilla Firefox\\firefox.exe" "--marionette" "--remote-debugging-port" "58336" "-no-remote" "-profile" "C:\\Users\\123\\AppData\\Local\\Temp\\rust_mozprofilelvVxDg"
1647871431831	Marionette	INFO	Marionette enabled
console.warn: SearchSettings: "get: No settings file exists, new profile?" (new NotFoundError("Could not open the file at C:\\Users\\123\\AppData\\Local\\Temp\\rust_mozprofilelvVxDg\\search.json.mozlz4", (void 0)))
DevTools listening on ws://localhost:58336/devtools/browser/7aa437f2-66b3-4da6-ac65-079a06ce9d2d
1647871437638	Marionette	INFO	Listening on port 58341
1647871438141	RemoteAgent	WARN	TLS certificate errors will be ignored for this session
JavaScript warning: https://pagead2.googlesyndication.com/bg/Dtrk1l3d69CApoaJcCvKSIFK_q0S4za4Q5VfteMZCz0.js line 1 > eval line 6661 > eval line 1 > eval line 1 > eval, line 1: WEBGL_debug_renderer_info is deprecated in Firefox and will be removed. Please use RENDERER.
1647872606313	Marionette	INFO	Stopped listening on port 58341
JavaScript error: , line 0: TypeError: NetworkError when attempting to fetch resource.
firefox.exe" "--marionette" "--remote-debugging-port" "58533" "-no-remote" "-profile" "C:\\Users\\123\\AppData\\Local\\Temp\\rust_mozprofileigL0Je"
1647871574958	Marionette	INFO	Marionette enabled
console.warn: SearchSettings: "get: No settings file exists, new profile?" (new NotFoundError("Could not open the file at C:\\Users\\123\\AppData\\Local\\Temp\\rust_mozprofileigL0Je\\search.json.mozlz4", (void 0)))
DevTools listening on ws://localhost:58533/devtools/browser/02cc21c4-3486-4061-a698-b13e5f224aee
1647871581321	Marionette	INFO	Listening on port 58539
1647871581989	RemoteAgent	WARN	TLS certificate errors will be ignored for this session
1647871594096	Marionette	INFO	Stopped listening on port 58539

###!!! [Parent][PContentParent] Error: Send(msgname=PContent::Msg_DestroyBrowsingContextGroup) Closed channel: cannot send/recv


###!!! [Child][PContentChild] Error: Send(msgname=PBrowser::Msg___delete__) Channel closing: too late to send/recv, messages will be lost

1647871649843	geckodriver	INFO	Listening on 127.0.0.1:58584
1647871652925	mozrunner::runner	INFO	Running command: "C:\\Program Files\\Mozilla Firefox\\firefox.exe" "--marionette" "--remote-debugging-port" "58585" "-no-remote" "-profile" "C:\\Users\\123\\AppData\\Local\\Temp\\rust_mozprofileGCQiI8"
1647871653581	Marionette	INFO	Marionette enabled
console.warn: SearchSettings: "get: No settings file exists, new profile?" (new NotFoundError("Could not open the file at C:\\Users\\123\\AppData\\Local\\Temp\\rust_mozprofileGCQiI8\\search.json.mozlz4", (void 0)))
DevTools listening on ws://localhost:58585/devtools/browser/a59a0a16-c364-4dae-8255-56649316c8e0
1647871659726	Marionette	INFO	Listening on port 58590
1647871659849	RemoteAgent	WARN	TLS certificate errors will be ignored for this session
1647871670963	Marionette	INFO	Stopped listening on port 58590
1647871706810	geckodriver	INFO	Listening on 127.0.0.1:58625
1647871709836	mozrunner::runner	INFO	Running command: "C:\\Program Files\\Mozilla Firefox\\firefox.exe" "--marionette" "--remote-debugging-port" "58626" "-no-remote" "-profile" "C:\\Users\\123\\AppData\\Local\\Temp\\rust_mozprofile51cQAa"
1647871710444	Marionette	INFO	Marionette enabled
console.warn: SearchSettings: "get: No settings file exists, new profile?" (new NotFoundError("Could not open the file at C:\\Users\\123\\AppData\\Local\\Temp\\rust_mozprofile51cQAa\\search.json.mozlz4", (void 0)))
DevTools listening on ws://localhost:58626/devtools/browser/a49bc1c0-8995-462f-95c8-5c6c41fc7d0e
1647871716067	Marionette	INFO	Listening on port 58631
1647871716712	RemoteAgent	WARN	TLS certificate errors will be ignored for this session
1647871728520	Marionette	INFO	Stopped listening on port 58631
1647871923640	geckodriver	INFO	Listening on 127.0.0.1:58742
1647871926685	mozrunner::runner	INFO	Running command: "C:\\Program Files\\Mozilla Firefox\\firefox.exe" "--marionette" "--remote-debugging-port" "58743" "-no-remote" "-profile" "C:\\Users\\123\\AppData\\Local\\Temp\\rust_mozprofileQ50MR7"
1647871927460	Marionette	INFO	Marionette enabled
console.warn: SearchSettings: "get: No settings file exists, new profile?" (new NotFoundError("Could not open the file at C:\\Users\\123\\AppData\\Local\\Temp\\rust_mozprofileQ50MR7\\search.json.mozlz4", (void 0)))
DevTools listening on ws://localhost:58743/devtools/browser/02d2d02a-fd7c-42d2-9dcf-be30539b77b1
1647871933851	Marionette	INFO	Listening on port 58748
1647871934457	RemoteAgent	WARN	TLS certificate errors will be ignored for this session
1647871948512	Marionette	INFO	Stopped listening on port 58748

###!!! [Parent][PContentParent] Error: Send(msgname=PContent::Msg_DestroyBrowsingContextGroup) Closed channel: cannot send/recv

1647871975039	geckodriver	INFO	Listening on 127.0.0.1:58799
1647871978111	mozrunner::runner	INFO	Running command: "C:\\Program Files\\Mozilla Firefox\\firefox.exe" "--marionette" "--remote-debugging-port" "58800" "-no-remote" "-profile" "C:\\Users\\123\\AppData\\Local\\Temp\\rust_mozprofiletR3MYi"
1647871979425	Marionette	INFO	Marionette enabled
console.warn: SearchSettings: "get: No settings file exists, new profile?" (new NotFoundError("Could not open the file at C:\\Users\\123\\AppData\\Local\\Temp\\rust_mozprofiletR3MYi\\search.json.mozlz4", (void 0)))
DevTools listening on ws://localhost:58800/devtools/browser/da227ea9-511c-4e24-89e5-c23858be3737
1647871985412	Marionette	INFO	Listening on port 58805
1647871986006	RemoteAgent	WARN	TLS certificate errors will be ignored for this session
1647872004539	Marionette	INFO	Stopped listening on port 58805
1647872106435	geckodriver	INFO	Listening on 127.0.0.1:61743
1647872109433	mozrunner::runner	INFO	Running command: "C:\\Program Files\\Mozilla Firefox\\firefox.exe" "--marionette" "--remote-debugging-port" "61744" "-no-remote" "-profile" "C:\\Users\\123\\AppData\\Local\\Temp\\rust_mozprofilezbueU6"
1647872110612	Marionette	INFO	Marionette enabled
console.warn: SearchSettings: "get: No settings file exists, new profile?" (new NotFoundError("Could not open the file at C:\\Users\\123\\AppData\\Local\\Temp\\rust_mozprofilezbueU6\\search.json.mozlz4", (void 0)))
DevTools listening on ws://localhost:61744/devtools/browser/7b3fb682-b408-4af0-9dd0-4cb7a7b8a52b
1647872119122	Marionette	INFO	Listening on port 61751
1647872119529	RemoteAgent	WARN	TLS certificate errors will be ignored for this session
1647872141176	Marionette	INFO	Stopped listening on port 61751
1647872480519	geckodriver	INFO	Listening on 127.0.0.1:57788
1647872483517	mozrunner::runner	INFO	Running command: "C:\\Program Files\\Mozilla Firefox\\firefox.exe" "--marionette" "-headless" "--remote-debugging-port" "57789" "-no-remote" "-profile" "C:\\Users\\123\\AppData\\Local\\Temp\\rust_mozprofileMLoLhN"
*** You are running in headless mode.
1647872484982	Marionette	INFO	Marionette enabled
[GFX1-]: RenderCompositorSWGL failed mapping default framebuffer, no dt
console.warn: SearchSettings: "get: No settings file exists, new profile?" (new NotFoundError("Could not open the file at C:\\Users\\123\\AppData\\Local\\Temp\\rust_mozprofileMLoLhN\\search.json.mozlz4", (void 0)))
DevTools listening on ws://localhost:57789/devtools/browser/49be6ff2-317b-4c69-8142-379c819582db
1647872489098	Marionette	INFO	Listening on port 57794
1647872489600	RemoteAgent	WARN	TLS certificate errors will be ignored for this session
JavaScript warning: https://pagead2.googlesyndication.com/bg/Dtrk1l3d69CApoaJcCvKSIFK_q0S4za4Q5VfteMZCz0.js line 1 > eval line 3090 > eval line 1 > eval line 1 > eval, line 1: WEBGL_debug_renderer_info is deprecated in Firefox and will be removed. Please use RENDERER.
1647872627641	Marionette	WARN	TimedPromise timed out after 500 ms: stacktrace:
TimedPromise/<@chrome://remote/content/marionette/sync.js:235:19
TimedPromise@chrome://remote/content/marionette/sync.js:220:10
interaction.flushEventLoop@chrome://remote/content/marionette/interaction.js:431:10
webdriverClickElement@chrome://remote/content/marionette/interaction.js:179:31
JavaScript error: , line 0: TypeError: NetworkError when attempting to fetch resource.
JavaScript warning: https://pagead2.googlesyndication.com/bg/Dtrk1l3d69CApoaJcCvKSIFK_q0S4za4Q5VfteMZCz0.js line 1 > eval line 5006 > eval line 1 > eval line 1 > eval, line 1: WEBGL_debug_renderer_info is deprecated in Firefox and will be removed. Please use RENDERER.
JavaScript error: , line 0: TypeError: NetworkError when attempting to fetch resource.
JavaScript warning: https://pagead2.googlesyndication.com/bg/Dtrk1l3d69CApoaJcCvKSIFK_q0S4za4Q5VfteMZCz0.js line 1 > eval line 6351 > eval line 1 > eval line 1 > eval, line 1: WEBGL_debug_renderer_info is deprecated in Firefox and will be removed. Please use RENDERER.
JavaScript error: , line 0: TypeError: NetworkError when attempting to fetch resource.
JavaScript warning: https://pagead2.googlesyndication.com/bg/Dtrk1l3d69CApoaJcCvKSIFK_q0S4za4Q5VfteMZCz0.js line 1 > eval line 2230 > eval line 1 > eval line 1 > eval, line 1: WEBGL_debug_renderer_info is deprecated in Firefox and will be removed. Please use RENDERER.
JavaScript error: , line 0: TypeError: NetworkError when attempting to fetch resource.
JavaScript warning: https://pagead2.googlesyndication.com/bg/Dtrk1l3d69CApoaJcCvKSIFK_q0S4za4Q5VfteMZCz0.js line 1 > eval line 3768 > eval line 1 > eval line 1 > eval, line 1: WEBGL_debug_renderer_info is deprecated in Firefox and will be removed. Please use RENDERER.
JavaScript error: , line 0: TypeError: NetworkError when attempting to fetch resource.
JavaScript warning: https://pagead2.googlesyndication.com/bg/Dtrk1l3d69CApoaJcCvKSIFK_q0S4za4Q5VfteMZCz0.js line 1 > eval line 5405 > eval line 1 > eval line 1 > eval, line 1: WEBGL_debug_renderer_info is deprecated in Firefox and will be removed. Please use RENDERER.
JavaScript error: , line 0: TypeError: NetworkError when attempting to fetch resource.
JavaScript warning: https://pagead2.googlesyndication.com/bg/Dtrk1l3d69CApoaJcCvKSIFK_q0S4za4Q5VfteMZCz0.js line 1 > eval line 5402 > eval line 1 > eval line 1 > eval, line 1: WEBGL_debug_renderer_info is deprecated in Firefox and will be removed. Please use RENDERER.
JavaScript warning: https://pagead2.googlesyndication.com/bg/Dtrk1l3d69CApoaJcCvKSIFK_q0S4za4Q5VfteMZCz0.js line 1 > eval line 2080 > eval line 1 > eval line 1 > eval, line 1: WEBGL_debug_renderer_info is deprecated in Firefox and will be removed. Please use RENDERER.
JavaScript error: , line 0: TypeError: NetworkError when attempting to fetch resource.
JavaScript warning: https://pagead2.googlesyndication.com/bg/Dtrk1l3d69CApoaJcCvKSIFK_q0S4za4Q5VfteMZCz0.js line 1 > eval line 2577 > eval line 1 > eval line 1 > eval, line 1: WEBGL_debug_renderer_info is deprecated in Firefox and will be removed. Please use RENDERER.
JavaScript warning: https://pagead2.googlesyndication.com/bg/Dtrk1l3d69CApoaJcCvKSIFK_q0S4za4Q5VfteMZCz0.js line 1 > eval line 1135 > eval line 1 > eval line 1 > eval, line 1: WEBGL_debug_renderer_info is deprecated in Firefox and will be removed. Please use RENDERER.
JavaScript error: , line 0: TypeError: NetworkError when attempting to fetch resource.
JavaScript warning: https://pagead2.googlesyndication.com/bg/Dtrk1l3d69CApoaJcCvKSIFK_q0S4za4Q5VfteMZCz0.js line 1 > eval line 7638 > eval line 1 > eval line 1 > eval, line 1: WEBGL_debug_renderer_info is deprecated in Firefox and will be removed. Please use RENDERER.
1647873545359	Marionette	WARN	TimedPromise timed out after 500 ms: stacktrace:
TimedPromise/<@chrome://remote/content/marionette/sync.js:235:19
TimedPromise@chrome://remote/content/marionette/sync.js:220:10
interaction.flushEventLoop@chrome://remote/content/marionette/interaction.js:431:10
webdriverClickElement@chrome://remote/content/marionette/interaction.js:179:31
JavaScript error: , line 0: TypeError: NetworkError when attempting to fetch resource.
JavaScript warning: https://pagead2.googlesyndication.com/bg/Dtrk1l3d69CApoaJcCvKSIFK_q0S4za4Q5VfteMZCz0.js line 1 > eval line 1526 > eval line 1 > eval line 1 > eval, line 1: WEBGL_debug_renderer_info is deprecated in Firefox and will be removed. Please use RENDERER.
JavaScript error: , line 0: TypeError: NetworkError when attempting to fetch resource.
JavaScript warning: https://pagead2.googlesyndication.com/bg/Dtrk1l3d69CApoaJcCvKSIFK_q0S4za4Q5VfteMZCz0.js line 1 > eval line 1927 > eval line 1 > eval line 1 > eval, line 1: WEBGL_debug_renderer_info is deprecated in Firefox and will be removed. Please use RENDERER.
JavaScript error: , line 0: TypeError: NetworkError when attempting to fetch resource.
JavaScript warning: https://pagead2.googlesyndication.com/bg/Dtrk1l3d69CApoaJcCvKSIFK_q0S4za4Q5VfteMZCz0.js line 1 > eval line 5365 > eval line 1 > eval line 1 > eval, line 1: WEBGL_debug_renderer_info is deprecated in Firefox and will be removed. Please use RENDERER.
JavaScript error: , line 0: TypeError: NetworkError when attempting to fetch resource.
JavaScript warning: https://pagead2.googlesyndication.com/bg/Dtrk1l3d69CApoaJcCvKSIFK_q0S4za4Q5VfteMZCz0.js line 1 > eval line 5827 > eval line 1 > eval line 1 > eval, line 1: WEBGL_debug_renderer_info is deprecated in Firefox and will be removed. Please use RENDERER.
JavaScript error: , line 0: TypeError: NetworkError when attempting to fetch resource.
JavaScript warning: https://pagead2.googlesyndication.com/bg/Dtrk1l3d69CApoaJcCvKSIFK_q0S4za4Q5VfteMZCz0.js line 1 > eval line 1676 > eval line 1 > eval line 1 > eval, line 1: WEBGL_debug_renderer_info is deprecated in Firefox and will be removed. Please use RENDERER.
JavaScript warning: https://pagead2.googlesyndication.com/bg/Dtrk1l3d69CApoaJcCvKSIFK_q0S4za4Q5VfteMZCz0.js line 1 > eval line 2039 > eval line 1 > eval line 1 > eval, line 1: WEBGL_debug_renderer_info is deprecated in Firefox and will be removed. Please use RENDERER.
JavaScript warning: https://pagead2.googlesyndication.com/bg/Dtrk1l3d69CApoaJcCvKSIFK_q0S4za4Q5VfteMZCz0.js line 1 > eval line 2163 > eval line 1 > eval line 1 > eval, line 1: WEBGL_debug_renderer_info is deprecated in Firefox and will be removed. Please use RENDERER.
JavaScript warning: https://pagead2.googlesyndication.com/bg/Dtrk1l3d69CApoaJcCvKSIFK_q0S4za4Q5VfteMZCz0.js line 1 > eval line 3030 > eval line 1 > eval line 1 > eval, line 1: WEBGL_debug_renderer_info is deprecated in Firefox and will be removed. Please use RENDERER.
JavaScript warning: https://pagead2.googlesyndication.com/bg/Dtrk1l3d69CApoaJcCvKSIFK_q0S4za4Q5VfteMZCz0.js line 1 > eval line 580 > eval line 1 > eval line 1 > eval, line 1: WEBGL_debug_renderer_info is deprecated in Firefox and will be removed. Please use RENDERER.
JavaScript error: , line 0: TypeError: NetworkError when attempting to fetch resource.
JavaScript warning: https://pagead2.googlesyndication.com/bg/Dtrk1l3d69CApoaJcCvKSIFK_q0S4za4Q5VfteMZCz0.js line 1 > eval line 5305 > eval line 1 > eval line 1 > eval, line 1: WEBGL_debug_renderer_info is deprecated in Firefox and will be removed. Please use RENDERER.
JavaScript warning: https://pagead2.googlesyndication.com/bg/Dtrk1l3d69CApoaJcCvKSIFK_q0S4za4Q5VfteMZCz0.js line 1 > eval line 1554 > eval line 1 > eval line 1 > eval, line 1: WEBGL_debug_renderer_info is deprecated in Firefox and will be removed. Please use RENDERER.
JavaScript warning: https://pagead2.googlesyndication.com/bg/Dtrk1l3d69CApoaJcCvKSIFK_q0S4za4Q5VfteMZCz0.js line 1 > eval line 2503 > eval line 1 > eval line 1 > eval, line 1: WEBGL_debug_renderer_info is deprecated in Firefox and will be removed. Please use RENDERER.
JavaScript warning: https://pagead2.googlesyndication.com/bg/Dtrk1l3d69CApoaJcCvKSIFK_q0S4za4Q5VfteMZCz0.js line 1 > eval line 1010 > eval line 1 > eval line 1 > eval, line 1: WEBGL_debug_renderer_info is deprecated in Firefox and will be removed. Please use RENDERER.
JavaScript warning: https://pagead2.googlesyndication.com/bg/Dtrk1l3d69CApoaJcCvKSIFK_q0S4za4Q5VfteMZCz0.js line 1 > eval line 1080 > eval line 1 > eval line 1 > eval, line 1: WEBGL_debug_renderer_info is deprecated in Firefox and will be removed. Please use RENDERER.
JavaScript warning: https://pagead2.googlesyndication.com/bg/Dtrk1l3d69CApoaJcCvKSIFK_q0S4za4Q5VfteMZCz0.js line 1 > eval line 4486 > eval line 1 > eval line 1 > eval, line 1: WEBGL_debug_renderer_info is deprecated in Firefox and will be removed. Please use RENDERER.
JavaScript warning: https://pagead2.googlesyndication.com/bg/Dtrk1l3d69CApoaJcCvKSIFK_q0S4za4Q5VfteMZCz0.js line 1 > eval line 4072 > eval line 1 > eval line 1 > eval, line 1: WEBGL_debug_renderer_info is deprecated in Firefox and will be removed. Please use RENDERER.
JavaScript warning: https://pagead2.googlesyndication.com/bg/Dtrk1l3d69CApoaJcCvKSIFK_q0S4za4Q5VfteMZCz0.js line 1 > eval line 206 > eval line 1 > eval line 1 > eval, line 1: WEBGL_debug_renderer_info is deprecated in Firefox and will be removed. Please use RENDERER.
1647874551645	Marionette	INFO	Stopped listening on port 57794
!!! error running onStopped callback: TypeError: callback is not a function

###!!! [Parent][PImageBridgeParent] Error: RunMessage(msgname=PImageBridge::Msg_WillClose) Channel closing: too late to send/recv, messages will be lost

